<?xml version="1.0" encoding="UTF-8"?>
<!-- Generated by org.testng.reporters.JUnitReportReporter -->
<testsuite hostname="DESKTOP-NVJBT54" failures="0" tests="2" name="TestCases.LoginGoogle" time="17.595" errors="1" timestamp="2025-10-09T16:03:52 BDT" skipped="1">
  <testcase classname="TestCases.LoginGoogle" name="setup" time="17.595">
    <error message="Error copying profile: C:\Users\SIL_Laptop\AppData\Local\Google\Chrome\User Data\Default\Network\Cookies -&gt; C:\Users\SIL_LA~1\AppData\Local\Temp\chrome-user-data-copy-16174617302865007656\Default\Network\Cookies: The process cannot access the file because it is being used by another process.
" type="java.lang.RuntimeException">
      <![CDATA[java.lang.RuntimeException: Error copying profile: C:\Users\SIL_Laptop\AppData\Local\Google\Chrome\User Data\Default\Network\Cookies -> C:\Users\SIL_LA~1\AppData\Local\Temp\chrome-user-data-copy-16174617302865007656\Default\Network\Cookies: The process cannot access the file because it is being used by another process.

at TestCases.LoginGoogle.lambda$0(LoginGoogle.java:167)
at java.base/java.util.stream.ForEachOps$ForEachOp$OfRef.accept(ForEachOps.java:183)
at java.base/java.util.stream.ReferencePipeline$3$1.accept(ReferencePipeline.java:195)
at java.base/java.util.Iterator.forEachRemaining(Iterator.java:133)
at java.base/java.util.Spliterators$IteratorSpliterator.forEachRemaining(Spliterators.java:1801)
at java.base/java.util.stream.AbstractPipeline.copyInto(AbstractPipeline.java:484)
at java.base/java.util.stream.AbstractPipeline.wrapAndCopyInto(AbstractPipeline.java:474)
at java.base/java.util.stream.ForEachOps$ForEachOp.evaluateSequential(ForEachOps.java:150)
at java.base/java.util.stream.ForEachOps$ForEachOp$OfRef.evaluateSequential(ForEachOps.java:173)
at java.base/java.util.stream.AbstractPipeline.evaluate(AbstractPipeline.java:234)
at java.base/java.util.stream.ReferencePipeline.forEach(ReferencePipeline.java:497)
at TestCases.LoginGoogle.copyDirectory(LoginGoogle.java:157)
at TestCases.LoginGoogle.setup(LoginGoogle.java:45)
at java.base/jdk.internal.reflect.NativeMethodAccessorImpl.invoke0(Native Method)
at java.base/jdk.internal.reflect.NativeMethodAccessorImpl.invoke(NativeMethodAccessorImpl.java:62)
at java.base/jdk.internal.reflect.DelegatingMethodAccessorImpl.invoke(DelegatingMethodAccessorImpl.java:43)
at java.base/java.lang.reflect.Method.invoke(Method.java:566)
at org.testng.internal.invokers.MethodInvocationHelper.invokeMethod(MethodInvocationHelper.java:141)
at org.testng.internal.invokers.MethodInvocationHelper.invokeMethodConsideringTimeout(MethodInvocationHelper.java:71)
at org.testng.internal.invokers.ConfigInvoker.invokeConfigurationMethod(ConfigInvoker.java:400)
at org.testng.internal.invokers.ConfigInvoker.invokeConfigurations(ConfigInvoker.java:333)
at org.testng.internal.invokers.TestMethodWorker.invokeBeforeClassMethods(TestMethodWorker.java:188)
at org.testng.internal.invokers.TestMethodWorker.run(TestMethodWorker.java:128)
at java.base/java.util.ArrayList.forEach(ArrayList.java:1541)
at org.testng.TestRunner.privateRun(TestRunner.java:741)
at org.testng.TestRunner.run(TestRunner.java:616)
at org.testng.SuiteRunner.runTest(SuiteRunner.java:421)
at org.testng.SuiteRunner.runSequentially(SuiteRunner.java:413)
at org.testng.SuiteRunner.privateRun(SuiteRunner.java:373)
at org.testng.SuiteRunner.run(SuiteRunner.java:312)
at org.testng.SuiteRunnerWorker.runSuite(SuiteRunnerWorker.java:52)
at org.testng.SuiteRunnerWorker.run(SuiteRunnerWorker.java:95)
at org.testng.TestNG.runSuitesSequentially(TestNG.java:1274)
at org.testng.TestNG.runSuitesLocally(TestNG.java:1208)
at org.testng.TestNG.runSuites(TestNG.java:1112)
at org.testng.TestNG.run(TestNG.java:1079)
at org.testng.remote.AbstractRemoteTestNG.run(AbstractRemoteTestNG.java:115)
at org.testng.remote.RemoteTestNG.initAndRun(RemoteTestNG.java:293)
at org.testng.remote.RemoteTestNG.main(RemoteTestNG.java:91)
Caused by: java.nio.file.FileSystemException: C:\Users\SIL_Laptop\AppData\Local\Google\Chrome\User Data\Default\Network\Cookies -> C:\Users\SIL_LA~1\AppData\Local\Temp\chrome-user-data-copy-16174617302865007656\Default\Network\Cookies: The process cannot access the file because it is being used by another process.

at java.base/sun.nio.fs.WindowsException.translateToIOException(WindowsException.java:92)
at java.base/sun.nio.fs.WindowsException.rethrowAsIOException(WindowsException.java:103)
at java.base/sun.nio.fs.WindowsFileCopy.copy(WindowsFileCopy.java:202)
at java.base/sun.nio.fs.WindowsFileSystemProvider.copy(WindowsFileSystemProvider.java:283)
at java.base/java.nio.file.Files.copy(Files.java:1295)
at TestCases.LoginGoogle.lambda$0(LoginGoogle.java:164)
... 38 more
]]>
    </error>
  </testcase> <!-- setup -->
  <testcase classname="TestCases.LoginGoogle" name="GoogleLogin" time="0.000">
    <skipped/>
  </testcase> <!-- GoogleLogin -->
</testsuite> <!-- TestCases.LoginGoogle -->
